action: checksyntax, msg: envreport
cwd: /Users/chad5899/Documents/repositories/docs-vmc-on-aws
cmd: /Users/chad5899/Documents/repositories/docs-vmc-on-aws/.tox/checksyntax/bin/python -m pip freeze
alabaster==0.7.12
Babel==2.6.0
certifi==2018.10.15
chardet==3.0.4
chios==0.1.4
Click==7.0
colorclass==2.2.0
CommonMark==0.5.4
doc8==0.8.0
docutils==0.14
filelock==3.0.9
idna==2.7
imagesize==1.1.0
Jinja2==2.10
Markdown==3.0.1
MarkupSafe==1.0
packaging==18.0
pandoc==1.0.2
pbr==5.1.0
pluggy==0.8.0
ply==3.11
py==1.7.0
pyenchant==2.0.0
Pygments==2.2.0
pyparsing==2.2.2
pytz==2018.7
recommonmark==0.4.0
requests==2.20.0
restructuredtext-lint==1.1.3
six==1.11.0
snowballstemmer==1.2.1
Sphinx==1.8.1
sphinx-rtd-theme==0.4.2
sphinxcontrib-spelling==4.2.0
sphinxcontrib-versioning==2.2.1
sphinxcontrib-websupport==1.1.0
stevedore==1.30.0
toml==0.10.0
tox==3.5.3
urllib3==1.24
virtualenv==16.0.0
