action: checkbuild, msg: envreport
cwd: /Users/chad5899/Documents/repositories/docs-vmc-on-aws
cmd: /Users/chad5899/Documents/repositories/docs-vmc-on-aws/.tox/checkbuild/bin/python -m pip freeze
alabaster==0.7.12
Babel==2.8.0
bashate==1.0.0
certifi==2019.11.28
chardet==3.0.4
doc8==0.8.0
docutils==0.16
entrypoints==0.3
flake8==3.7.9
idna==2.9
imagesize==1.2.0
Jinja2==2.11.1
MarkupSafe==1.1.1
mccabe==0.6.1
packaging==20.1
pbr==5.4.4
pycodestyle==2.5.0
pyenchant==3.0.1
pyflakes==2.1.1
Pygments==2.5.2
pyparsing==2.4.6
pytz==2019.3
requests==2.23.0
restructuredtext-lint==1.3.0
six==1.14.0
snowballstemmer==2.0.0
Sphinx==2.4.3
sphinx-rtd-theme==0.4.3
sphinxcontrib-applehelp==1.0.2
sphinxcontrib-devhelp==1.0.2
sphinxcontrib-htmlhelp==1.0.3
sphinxcontrib-jsmath==1.0.1
sphinxcontrib-qthelp==1.0.3
sphinxcontrib-serializinghtml==1.1.4
sphinxcontrib-spelling==4.3.0
stevedore==1.32.0
urllib3==1.25.8
